<?xml version="1.0" encoding="UTF-8"?>
<robot generator="Robot 3.2.1 (Python 3.8.5 on darwin)" generated="20200727 20:00:20.770" rpa="false">
<suite id="s1" name="Validation" source="/Users/jameson.b.araujo/Desktop/Viajenet/tests/steps/validation.robot">
<test id="s1-t1" name="Given I buy a flight ticket">
<kw name="Browser open" library="setup" type="setup">
<kw name="Open Browser" library="SeleniumLibrary">
<doc>Opens a new browser instance to the optional ``url``.</doc>
<arguments>
<arg>${url_base}</arg>
<arg>chrome</arg>
</arguments>
<msg timestamp="20200727 20:00:21.412" level="INFO">Opening browser 'chrome' to base url 'https://www.viajanet.com.br/'.</msg>
<status status="PASS" starttime="20200727 20:00:21.411" endtime="20200727 20:00:26.400"></status>
</kw>
<kw name="Maximize Browser Window" library="SeleniumLibrary">
<doc>Maximizes current browser window.</doc>
<status status="PASS" starttime="20200727 20:00:26.401" endtime="20200727 20:00:26.584"></status>
</kw>
<status status="PASS" starttime="20200727 20:00:21.406" endtime="20200727 20:00:26.585"></status>
</kw>
<kw name="Test case 1" library="validation">
<kw name="Wait Click" library="setup">
<arguments>
<arg>${close_modal}</arg>
<arg>${close_modal}</arg>
</arguments>
<kw name="Wait Until Element Is Visible" library="SeleniumLibrary">
<doc>Waits until the element ``locator`` is visible.</doc>
<arguments>
<arg>${element}</arg>
</arguments>
<status status="PASS" starttime="20200727 20:00:26.589" endtime="20200727 20:00:29.834"></status>
</kw>
<kw name="Click Element" library="SeleniumLibrary">
<doc>Click the element identified by ``locator``.</doc>
<arguments>
<arg>${click}</arg>
</arguments>
<msg timestamp="20200727 20:00:29.835" level="INFO">Clicking element 'xpath://*[@ng-click="ctrlModalHome.Close()"]'.</msg>
<status status="PASS" starttime="20200727 20:00:29.834" endtime="20200727 20:00:32.951"></status>
</kw>
<status status="PASS" starttime="20200727 20:00:26.587" endtime="20200727 20:00:32.951"></status>
</kw>
<kw name="Input" library="setup">
<arguments>
<arg>${inptorigin}</arg>
<arg>${origin}</arg>
</arguments>
<kw name="Input Text" library="SeleniumLibrary">
<doc>Types the given ``text`` into the text field identified by ``locator``.</doc>
<arguments>
<arg>${element}</arg>
<arg>${input}</arg>
</arguments>
<msg timestamp="20200727 20:00:32.953" level="INFO">Typing text 'Recife, Internacional dos Guararapes - Gilberto Freyre, Brasil (REC)' into text field 'id:inptorigin'.</msg>
<status status="PASS" starttime="20200727 20:00:32.952" endtime="20200727 20:00:34.602"></status>
</kw>
<kw name="Wait Until Element Is Visible" library="SeleniumLibrary">
<doc>Waits until the element ``locator`` is visible.</doc>
<arguments>
<arg>${element}</arg>
</arguments>
<status status="PASS" starttime="20200727 20:00:34.602" endtime="20200727 20:00:34.630"></status>
</kw>
<status status="PASS" starttime="20200727 20:00:32.952" endtime="20200727 20:00:34.631"></status>
</kw>
<kw name="Input Click" library="setup">
<arguments>
<arg>${inptdestination}</arg>
<arg>${ui-id-2702587}</arg>
<arg>${destination}</arg>
</arguments>
<kw name="Input Text" library="SeleniumLibrary">
<doc>Types the given ``text`` into the text field identified by ``locator``.</doc>
<arguments>
<arg>${element}</arg>
<arg>${input}</arg>
</arguments>
<msg timestamp="20200727 20:00:34.632" level="INFO">Typing text 'São Paulo' into text field 'id:inptdestination'.</msg>
<status status="PASS" starttime="20200727 20:00:34.632" endtime="20200727 20:00:34.904"></status>
</kw>
<kw name="Wait Until Element Is Visible" library="SeleniumLibrary">
<doc>Waits until the element ``locator`` is visible.</doc>
<arguments>
<arg>${secElement}</arg>
</arguments>
<status status="PASS" starttime="20200727 20:00:34.904" endtime="20200727 20:00:35.350"></status>
</kw>
<kw name="Click Element" library="SeleniumLibrary">
<doc>Click the element identified by ``locator``.</doc>
<arguments>
<arg>${secElement}</arg>
</arguments>
<msg timestamp="20200727 20:00:35.350" level="INFO">Clicking element 'id:ui-id-2702587'.</msg>
<status status="PASS" starttime="20200727 20:00:35.350" endtime="20200727 20:00:35.448"></status>
</kw>
<status status="PASS" starttime="20200727 20:00:34.631" endtime="20200727 20:00:35.448"></status>
</kw>
<kw name="Wait Click" library="setup">
<arguments>
<arg>${lblDepartureDate}</arg>
<arg>${lblDepartureDate}</arg>
</arguments>
<kw name="Wait Until Element Is Visible" library="SeleniumLibrary">
<doc>Waits until the element ``locator`` is visible.</doc>
<arguments>
<arg>${element}</arg>
</arguments>
<status status="PASS" starttime="20200727 20:00:35.450" endtime="20200727 20:00:35.479"></status>
</kw>
<kw name="Click Element" library="SeleniumLibrary">
<doc>Click the element identified by ``locator``.</doc>
<arguments>
<arg>${click}</arg>
</arguments>
<msg timestamp="20200727 20:00:35.479" level="INFO">Clicking element 'id:lblDepartureDate'.</msg>
<status status="PASS" starttime="20200727 20:00:35.479" endtime="20200727 20:00:35.564"></status>
</kw>
<status status="PASS" starttime="20200727 20:00:35.449" endtime="20200727 20:00:35.565"></status>
</kw>
<kw name="Wait Click" library="setup">
<arguments>
<arg>${day-3072020}</arg>
<arg>${day-3072020}</arg>
</arguments>
<kw name="Wait Until Element Is Visible" library="SeleniumLibrary">
<doc>Waits until the element ``locator`` is visible.</doc>
<arguments>
<arg>${element}</arg>
</arguments>
<status status="PASS" starttime="20200727 20:00:35.566" endtime="20200727 20:00:35.610"></status>
</kw>
<kw name="Click Element" library="SeleniumLibrary">
<doc>Click the element identified by ``locator``.</doc>
<arguments>
<arg>${click}</arg>
</arguments>
<msg timestamp="20200727 20:00:35.611" level="INFO">Clicking element 'id:day-3072020'.</msg>
<status status="PASS" starttime="20200727 20:00:35.611" endtime="20200727 20:00:35.741"></status>
</kw>
<status status="PASS" starttime="20200727 20:00:35.565" endtime="20200727 20:00:35.742"></status>
</kw>
<kw name="Wait Click" library="setup">
<arguments>
<arg>${arrivalDate}</arg>
<arg>${arrivalDate}</arg>
</arguments>
<kw name="Wait Until Element Is Visible" library="SeleniumLibrary">
<doc>Waits until the element ``locator`` is visible.</doc>
<arguments>
<arg>${element}</arg>
</arguments>
<status status="PASS" starttime="20200727 20:00:35.744" endtime="20200727 20:00:35.861"></status>
</kw>
<kw name="Click Element" library="SeleniumLibrary">
<doc>Click the element identified by ``locator``.</doc>
<arguments>
<arg>${click}</arg>
</arguments>
<msg timestamp="20200727 20:00:35.862" level="INFO">Clicking element 'id:arrivalDate'.</msg>
<status status="PASS" starttime="20200727 20:00:35.861" endtime="20200727 20:00:36.078"></status>
</kw>
<status status="PASS" starttime="20200727 20:00:35.742" endtime="20200727 20:00:36.078"></status>
</kw>
<kw name="Wait Click" library="setup">
<arguments>
<arg>${selectedDateReturn}</arg>
<arg>${selectedDateReturn}</arg>
</arguments>
<kw name="Wait Until Element Is Visible" library="SeleniumLibrary">
<doc>Waits until the element ``locator`` is visible.</doc>
<arguments>
<arg>${element}</arg>
</arguments>
<status status="PASS" starttime="20200727 20:00:36.080" endtime="20200727 20:00:36.110"></status>
</kw>
<kw name="Click Element" library="SeleniumLibrary">
<doc>Click the element identified by ``locator``.</doc>
<arguments>
<arg>${click}</arg>
</arguments>
<msg timestamp="20200727 20:00:36.111" level="INFO">Clicking element 'id:day-1082020'.</msg>
<status status="PASS" starttime="20200727 20:00:36.110" endtime="20200727 20:00:36.257"></status>
</kw>
<status status="PASS" starttime="20200727 20:00:36.078" endtime="20200727 20:00:36.258"></status>
</kw>
<kw name="Wait Click" library="setup">
<arguments>
<arg>${ipt-passenger-class}</arg>
<arg>${ipt-passenger-class}</arg>
</arguments>
<kw name="Wait Until Element Is Visible" library="SeleniumLibrary">
<doc>Waits until the element ``locator`` is visible.</doc>
<arguments>
<arg>${element}</arg>
</arguments>
<status status="PASS" starttime="20200727 20:00:36.259" endtime="20200727 20:00:36.288"></status>
</kw>
<kw name="Click Element" library="SeleniumLibrary">
<doc>Click the element identified by ``locator``.</doc>
<arguments>
<arg>${click}</arg>
</arguments>
<msg timestamp="20200727 20:00:36.289" level="INFO">Clicking element 'id:ipt-passenger-class'.</msg>
<status status="PASS" starttime="20200727 20:00:36.288" endtime="20200727 20:00:36.429"></status>
</kw>
<status status="PASS" starttime="20200727 20:00:36.258" endtime="20200727 20:00:36.429"></status>
</kw>
<kw name="Wait Click" library="setup">
<arguments>
<arg>${add-adult}</arg>
<arg>${add-adult}</arg>
</arguments>
<kw name="Wait Until Element Is Visible" library="SeleniumLibrary">
<doc>Waits until the element ``locator`` is visible.</doc>
<arguments>
<arg>${element}</arg>
</arguments>
<status status="PASS" starttime="20200727 20:00:36.430" endtime="20200727 20:00:36.479"></status>
</kw>
<kw name="Click Element" library="SeleniumLibrary">
<doc>Click the element identified by ``locator``.</doc>
<arguments>
<arg>${click}</arg>
</arguments>
<msg timestamp="20200727 20:00:36.480" level="INFO">Clicking element 'id:add-adult'.</msg>
<status status="PASS" starttime="20200727 20:00:36.480" endtime="20200727 20:00:36.607"></status>
</kw>
<status status="PASS" starttime="20200727 20:00:36.430" endtime="20200727 20:00:36.607"></status>
</kw>
<kw name="Wait Click" library="setup">
<arguments>
<arg>${btn-search}</arg>
<arg>${btn-search}</arg>
</arguments>
<kw name="Wait Until Element Is Visible" library="SeleniumLibrary">
<doc>Waits until the element ``locator`` is visible.</doc>
<arguments>
<arg>${element}</arg>
</arguments>
<status status="PASS" starttime="20200727 20:00:36.610" endtime="20200727 20:00:36.649"></status>
</kw>
<kw name="Click Element" library="SeleniumLibrary">
<doc>Click the element identified by ``locator``.</doc>
<arguments>
<arg>${click}</arg>
</arguments>
<msg timestamp="20200727 20:00:36.650" level="INFO">Clicking element 'id:btn-search'.</msg>
<status status="PASS" starttime="20200727 20:00:36.649" endtime="20200727 20:00:37.266"></status>
</kw>
<status status="PASS" starttime="20200727 20:00:36.608" endtime="20200727 20:00:37.266"></status>
</kw>
<status status="PASS" starttime="20200727 20:00:26.586" endtime="20200727 20:00:37.267"></status>
</kw>
<kw name="Close Navigation" library="setup" type="teardown">
<kw name="Capture Page Screenshot" library="SeleniumLibrary">
<doc>Takes a screenshot of the current page and embeds it into a log file.</doc>
<msg timestamp="20200727 20:00:39.462" level="INFO" html="yes">&lt;/td&gt;&lt;/tr&gt;&lt;tr&gt;&lt;td colspan="3"&gt;&lt;a href="selenium-screenshot-2.png"&gt;&lt;img src="selenium-screenshot-2.png" width="800px"&gt;&lt;/a&gt;</msg>
<status status="PASS" starttime="20200727 20:00:37.268" endtime="20200727 20:00:39.462"></status>
</kw>
<kw name="Sleep" library="BuiltIn">
<doc>Pauses the test executed for the given time.</doc>
<arguments>
<arg>3</arg>
</arguments>
<msg timestamp="20200727 20:00:42.464" level="INFO">Slept 3 seconds</msg>
<status status="PASS" starttime="20200727 20:00:39.463" endtime="20200727 20:00:42.464"></status>
</kw>
<kw name="Close Browser" library="SeleniumLibrary">
<doc>Closes the current browser.</doc>
<status status="PASS" starttime="20200727 20:00:42.465" endtime="20200727 20:00:42.720"></status>
</kw>
<status status="PASS" starttime="20200727 20:00:37.267" endtime="20200727 20:00:42.720"></status>
</kw>
<status status="PASS" starttime="20200727 20:00:21.405" endtime="20200727 20:00:42.721" critical="yes"></status>
</test>
<status status="PASS" starttime="20200727 20:00:20.776" endtime="20200727 20:00:42.726"></status>
</suite>
<statistics>
<total>
<stat pass="1" fail="0">Critical Tests</stat>
<stat pass="1" fail="0">All Tests</stat>
</total>
<tag>
</tag>
<suite>
<stat pass="1" fail="0" id="s1" name="Validation">Validation</stat>
</suite>
</statistics>
<errors>
</errors>
</robot>
